app/build/intermediates/manifest_merge_blame_file/debug/processDebugMainManifest/manifest-merger-blame-debug-report.txt
1<?xml version="1.0" encoding="utf-8"?>
2<manifest xmlns:android="http://schemas.android.com/apk/res/android"
3    package="org.ravi.codeassist"
4    android:versionCode="1"
5    android:versionName="1.0" >
6
7    <uses-sdk
8        android:minSdkVersion="23"
9        android:targetSdkVersion="34" />
10
11    <!-- Standard storage for backwards compatibility -->
12    <uses-permission
12-->src/main/AndroidManifest.xml:6:5-107
13        android:name="android.permission.READ_EXTERNAL_STORAGE"
13-->src/main/AndroidManifest.xml:6:22-77
14        android:maxSdkVersion="29" />
14-->src/main/AndroidManifest.xml:6:78-104
15    <uses-permission
15-->src/main/AndroidManifest.xml:7:5-108
16        android:name="android.permission.WRITE_EXTERNAL_STORAGE"
16-->src/main/AndroidManifest.xml:7:22-78
17        android:maxSdkVersion="29" />
17-->src/main/AndroidManifest.xml:7:79-105
18
19    <!-- The Vault Key: Native File System Access -->
20    <uses-permission android:name="android.permission.MANAGE_EXTERNAL_STORAGE" />
20-->src/main/AndroidManifest.xml:10:5-111
20-->src/main/AndroidManifest.xml:10:22-79
21
22    <!-- Floating Bubble Support -->
23    <uses-permission android:name="android.permission.SYSTEM_ALERT_WINDOW" />
23-->src/main/AndroidManifest.xml:13:5-78
23-->src/main/AndroidManifest.xml:13:22-75
24
25    <permission
25-->[androidx.core:core:1.16.0] AndroidManifest.xml:22:5-24:47
26        android:name="org.ravi.codeassist.DYNAMIC_RECEIVER_NOT_EXPORTED_PERMISSION"
26-->[androidx.core:core:1.16.0] AndroidManifest.xml:23:9-81
27        android:protectionLevel="signature" />
27-->[androidx.core:core:1.16.0] AndroidManifest.xml:24:9-44
28
29    <uses-permission android:name="org.ravi.codeassist.DYNAMIC_RECEIVER_NOT_EXPORTED_PERMISSION" /> <!-- FIXED: Application theme changed to Theme.CodeAssist to support Material 3 attributes -->
29-->[androidx.core:core:1.16.0] AndroidManifest.xml:26:5-97
29-->[androidx.core:core:1.16.0] AndroidManifest.xml:26:22-94
30    <application
30-->src/main/AndroidManifest.xml:16:5-64:19
31        android:allowBackup="true"
31-->src/main/AndroidManifest.xml:17:9-35
32        android:appComponentFactory="androidx.core.app.CoreComponentFactory"
32-->[androidx.core:core:1.16.0] AndroidManifest.xml:28:18-86
33        android:dataExtractionRules="@xml/data_extraction_rules"
33-->src/main/AndroidManifest.xml:18:9-65
34        android:debuggable="true"
35        android:enableOnBackInvokedCallback="true"
35-->src/main/AndroidManifest.xml:25:9-51
36        android:extractNativeLibs="false"
37        android:fullBackupContent="@xml/backup_rules"
37-->src/main/AndroidManifest.xml:19:9-54
38        android:icon="@mipmap/ic_launcher"
38-->src/main/AndroidManifest.xml:20:9-43
39        android:label="CodeAssist"
39-->src/main/AndroidManifest.xml:21:9-35
40        android:requestLegacyExternalStorage="true"
40-->src/main/AndroidManifest.xml:24:9-52
41        android:roundIcon="@mipmap/ic_launcher_round"
41-->src/main/AndroidManifest.xml:22:9-54
42        android:supportsRtl="true"
42-->src/main/AndroidManifest.xml:23:9-35
43        android:theme="@style/Theme.CodeAssist" >
43-->src/main/AndroidManifest.xml:26:9-48
44        <activity
44-->src/main/AndroidManifest.xml:28:9-35:20
45            android:name="org.ravi.codeassist.MainActivity"
45-->src/main/AndroidManifest.xml:29:13-41
46            android:exported="true" >
46-->src/main/AndroidManifest.xml:30:13-36
47            <intent-filter>
47-->src/main/AndroidManifest.xml:31:13-34:29
48                <action android:name="android.intent.action.MAIN" />
48-->src/main/AndroidManifest.xml:32:17-69
48-->src/main/AndroidManifest.xml:32:25-66
49
50                <category android:name="android.intent.category.LAUNCHER" />
50-->src/main/AndroidManifest.xml:33:17-77
50-->src/main/AndroidManifest.xml:33:27-74
51            </intent-filter>
52        </activity>
53
54        <!-- The Quick Settings Tile Service -->
55        <service
55-->src/main/AndroidManifest.xml:38:9-47:19
56            android:name="org.ravi.codeassist.CodeAssistTileService"
56-->src/main/AndroidManifest.xml:39:13-50
57            android:exported="true"
57-->src/main/AndroidManifest.xml:40:13-36
58            android:icon="@drawable/ic_qs_tile"
58-->src/main/AndroidManifest.xml:41:13-48
59            android:label="Run CodeAssist"
59-->src/main/AndroidManifest.xml:42:13-43
60            android:permission="android.permission.BIND_QUICK_SETTINGS_TILE" >
60-->src/main/AndroidManifest.xml:43:13-77
61            <intent-filter>
61-->src/main/AndroidManifest.xml:44:13-46:29
62                <action android:name="android.service.quicksettings.action.QS_TILE" />
62-->src/main/AndroidManifest.xml:45:17-87
62-->src/main/AndroidManifest.xml:45:25-84
63            </intent-filter>
64        </service>
65
66        <!-- The Invisible Clipboard Bridge -->
67        <activity
67-->src/main/AndroidManifest.xml:50:9-57:40
68            android:name="org.ravi.codeassist.ClipboardActivity"
68-->src/main/AndroidManifest.xml:51:13-46
69            android:excludeFromRecents="true"
69-->src/main/AndroidManifest.xml:54:13-46
70            android:exported="false"
70-->src/main/AndroidManifest.xml:52:13-37
71            android:launchMode="singleInstance"
71-->src/main/AndroidManifest.xml:56:13-48
72            android:noHistory="true"
72-->src/main/AndroidManifest.xml:57:13-37
73            android:taskAffinity=""
73-->src/main/AndroidManifest.xml:55:13-36
74            android:theme="@style/Theme.CodeAssist.Transparent" />
74-->src/main/AndroidManifest.xml:53:13-64
75
76        <!-- Floating Bubble Service -->
77        <service
77-->src/main/AndroidManifest.xml:60:9-63:40
78            android:name="org.ravi.codeassist.FloatingBubbleService"
78-->src/main/AndroidManifest.xml:61:13-50
79            android:enabled="true"
79-->src/main/AndroidManifest.xml:62:13-35
80            android:exported="false" />
80-->src/main/AndroidManifest.xml:63:13-37
81
82        <provider
82-->[androidx.emoji2:emoji2:1.3.0] AndroidManifest.xml:24:9-32:20
83            android:name="androidx.startup.InitializationProvider"
83-->[androidx.emoji2:emoji2:1.3.0] AndroidManifest.xml:25:13-67
84            android:authorities="org.ravi.codeassist.androidx-startup"
84-->[androidx.emoji2:emoji2:1.3.0] AndroidManifest.xml:26:13-68
85            android:exported="false" >
85-->[androidx.emoji2:emoji2:1.3.0] AndroidManifest.xml:27:13-37
86            <meta-data
86-->[androidx.emoji2:emoji2:1.3.0] AndroidManifest.xml:29:13-31:52
87                android:name="androidx.emoji2.text.EmojiCompatInitializer"
87-->[androidx.emoji2:emoji2:1.3.0] AndroidManifest.xml:30:17-75
88                android:value="androidx.startup" />
88-->[androidx.emoji2:emoji2:1.3.0] AndroidManifest.xml:31:17-49
89            <meta-data
89-->[androidx.lifecycle:lifecycle-process:2.6.2] AndroidManifest.xml:29:13-31:52
90                android:name="androidx.lifecycle.ProcessLifecycleInitializer"
90-->[androidx.lifecycle:lifecycle-process:2.6.2] AndroidManifest.xml:30:17-78
91                android:value="androidx.startup" />
91-->[androidx.lifecycle:lifecycle-process:2.6.2] AndroidManifest.xml:31:17-49
92            <meta-data
92-->[androidx.profileinstaller:profileinstaller:1.4.0] AndroidManifest.xml:29:13-31:52
93                android:name="androidx.profileinstaller.ProfileInstallerInitializer"
93-->[androidx.profileinstaller:profileinstaller:1.4.0] AndroidManifest.xml:30:17-85
94                android:value="androidx.startup" />
94-->[androidx.profileinstaller:profileinstaller:1.4.0] AndroidManifest.xml:31:17-49
95        </provider>
96
97        <receiver
97-->[androidx.profileinstaller:profileinstaller:1.4.0] AndroidManifest.xml:34:9-52:20
98            android:name="androidx.profileinstaller.ProfileInstallReceiver"
98-->[androidx.profileinstaller:profileinstaller:1.4.0] AndroidManifest.xml:35:13-76
99            android:directBootAware="false"
99-->[androidx.profileinstaller:profileinstaller:1.4.0] AndroidManifest.xml:36:13-44
100            android:enabled="true"
100-->[androidx.profileinstaller:profileinstaller:1.4.0] AndroidManifest.xml:37:13-35
101            android:exported="true"
101-->[androidx.profileinstaller:profileinstaller:1.4.0] AndroidManifest.xml:38:13-36
102            android:permission="android.permission.DUMP" >
102-->[androidx.profileinstaller:profileinstaller:1.4.0] AndroidManifest.xml:39:13-57
103            <intent-filter>
103-->[androidx.profileinstaller:profileinstaller:1.4.0] AndroidManifest.xml:40:13-42:29
104                <action android:name="androidx.profileinstaller.action.INSTALL_PROFILE" />
104-->[androidx.profileinstaller:profileinstaller:1.4.0] AndroidManifest.xml:41:17-91
104-->[androidx.profileinstaller:profileinstaller:1.4.0] AndroidManifest.xml:41:25-88
105            </intent-filter>
106            <intent-filter>
106-->[androidx.profileinstaller:profileinstaller:1.4.0] AndroidManifest.xml:43:13-45:29
107                <action android:name="androidx.profileinstaller.action.SKIP_FILE" />
107-->[androidx.profileinstaller:profileinstaller:1.4.0] AndroidManifest.xml:44:17-85
107-->[androidx.profileinstaller:profileinstaller:1.4.0] AndroidManifest.xml:44:25-82
108            </intent-filter>
109            <intent-filter>
109-->[androidx.profileinstaller:profileinstaller:1.4.0] AndroidManifest.xml:46:13-48:29
110                <action android:name="androidx.profileinstaller.action.SAVE_PROFILE" />
110-->[androidx.profileinstaller:profileinstaller:1.4.0] AndroidManifest.xml:47:17-88
110-->[androidx.profileinstaller:profileinstaller:1.4.0] AndroidManifest.xml:47:25-85
111            </intent-filter>
112            <intent-filter>
112-->[androidx.profileinstaller:profileinstaller:1.4.0] AndroidManifest.xml:49:13-51:29
113                <action android:name="androidx.profileinstaller.action.BENCHMARK_OPERATION" />
113-->[androidx.profileinstaller:profileinstaller:1.4.0] AndroidManifest.xml:50:17-95
113-->[androidx.profileinstaller:profileinstaller:1.4.0] AndroidManifest.xml:50:25-92
114            </intent-filter>
115        </receiver>
116    </application>
117
118</manifest>